Timestamp,Request#,Status,Response Time (s),Job ID
2024-12-11 20:54:51,2,200,0.000843,{"job_id":"fd344b16-04ce-4583-9be1-44fd542837d7"}
2024-12-11 20:54:51,8,200,0.000816,{"job_id":"96579a4b-a09d-4a1e-b2e2-0c1b048c26ff"}
2024-12-11 20:54:51,4,200,0.000795,{"job_id":"b79a63e0-0cf3-4a6a-8e81-a0c96cd05957"}
2024-12-11 20:54:51,7,200,0.000503,{"job_id":"7e0ed351-89e4-4a31-aaa1-142c565b79ea"}
2024-12-11 20:54:51,6,200,0.000790,{"job_id":"62c5c54b-a031-4f0c-8fc1-827a4b29aa1d"}
2024-12-11 20:54:51,1,200,0.000587,{"job_id":"503f0e0e-3bd9-48b1-8864-e0abeac22dcd"}
2024-12-11 20:54:51,5,200,0.000857,{"job_id":"49a036b1-537c-4090-ad52-c3b1d97b0ae2"}
2024-12-11 20:54:51,10,200,0.003358,{"job_id":"b3143729-00c0-47ee-80c1-10d80891f757"}
2024-12-11 20:54:51,9,200,0.003268,{"job_id":"6fc1536d-8eea-4d73-a4fa-fcc95e4ac579"}
2024-12-11 20:54:51,3,200,0.003550,{"job_id":"16811df6-9c55-49be-ad5a-0315220b441a"}
2024-12-11 20:54:51,16,200,0.000705,{"job_id":"8c496983-5f55-4358-b929-566d9a672c50"}
2024-12-11 20:54:51,17,200,0.000563,{"job_id":"59b29a04-2ca5-442f-93e7-ce0afbd349d0"}
2024-12-11 20:54:51,12,200,0.014363,{"job_id":"e33b6226-f680-49b7-bc16-4b16c9eef840"}
2024-12-11 20:54:51,14,200,0.012468,{"job_id":"6947fd42-a2e7-4483-b998-fbffcc9cdf97"}
2024-12-11 20:54:51,19,200,0.014507,{"job_id":"e8ed28e6-fd4e-47a7-b821-ce36d99eb4c5"}
2024-12-11 20:54:51,11,200,0.014113,{"job_id":"ecd32bf7-8401-499b-93f9-82c5e82d3ef9"}
2024-12-11 20:54:51,13,200,0.013883,{"job_id":"5c727ce3-f49e-48b7-a99c-b1402614654e"}
2024-12-11 20:54:51,15,200,0.014357,{"job_id":"622d5da9-75f0-427e-9344-960337bb5745"}
2024-12-11 20:54:51,18,200,0.011688,{"job_id":"2b06a01b-00be-4315-ac51-409ce66d8996"}
2024-12-11 20:54:51,20,200,0.013037,{"job_id":"629a5c44-0b91-45a7-8943-eeccede72154"}
2024-12-11 20:54:51,27,200,0.001478,{"job_id":"bf788f30-b303-45a0-8d1b-b1497ce84e23"}
2024-12-11 20:54:51,22,200,0.001035,{"job_id":"c804da2f-8c17-4ce9-8d43-04b1ad62bbcb"}
2024-12-11 20:54:51,25,200,0.009720,{"job_id":"0d831767-12de-4578-8a1d-684c5f9be4f1"}
2024-12-11 20:54:51,23,200,0.011454,{"job_id":"ab6b4f24-25b3-40a7-ac89-879401495b2e"}
2024-12-11 20:54:51,30,200,0.010772,{"job_id":"7d7ec36e-da61-49f7-959f-b05080a54d37"}
2024-12-11 20:54:51,21,200,0.011941,{"job_id":"ba60c747-ecf2-4db1-935e-694425605362"}
2024-12-11 20:54:51,26,200,0.011002,{"job_id":"239dca7b-aaca-48ba-9571-2f9fbd5968cd"}
2024-12-11 20:54:51,28,200,0.011074,{"job_id":"f96cb199-315a-4e50-9c62-70ae4a47c3cf"}
2024-12-11 20:54:51,24,200,0.010426,{"job_id":"13d26f49-33ad-4a46-b363-f328935925d7"}
2024-12-11 20:54:51,29,200,0.010864,{"job_id":"819d9a84-967a-405b-bbec-82304782820b"}
2024-12-11 20:54:51,34,200,0.000635,{"job_id":"3418778e-24fa-4575-8d77-f93d493b6a0e"}
2024-12-11 20:54:51,31,200,0.001021,{"job_id":"629c16ad-ff2f-4350-a99a-248fcf73963c"}
2024-12-11 20:54:51,33,200,0.000895,{"job_id":"6cb4757b-3fa9-4e84-a54d-d4c11d05c6e9"}
2024-12-11 20:54:51,32,200,0.010608,{"job_id":"f7e92475-1b76-4980-919b-5176927d6cd3"}
2024-12-11 20:54:51,38,200,0.011282,{"job_id":"b4a7ab6f-44ae-44fa-a1bb-e770ba4000b3"}
2024-12-11 20:54:51,36,200,0.010947,{"job_id":"e881f4b1-053a-470e-9ca1-dbe55069839c"}
2024-12-11 20:54:51,39,200,0.010242,{"job_id":"bccb32df-ab16-47f3-b688-c39d1936cdc0"}
2024-12-11 20:54:51,35,200,0.011910,{"job_id":"f7493e90-b80e-4c40-b36f-2ca3434d1967"}
2024-12-11 20:54:51,40,200,0.011627,{"job_id":"9b4003c9-62ad-417c-8c3b-3cf0e085d0fe"}
2024-12-11 20:54:51,37,200,0.011213,{"job_id":"57433b6c-dc47-4d98-b627-0589c2531e2a"}
2024-12-11 20:54:51,43,200,0.001006,{"job_id":"c1f2f1a1-364c-41bf-8d23-3e0e8cdbe6b7"}
2024-12-11 20:54:51,45,200,0.000712,{"job_id":"d3864214-9222-4055-b62c-d8a9b08f65e0"}
2024-12-11 20:54:51,50,200,0.008345,{"job_id":"43216368-6107-4f27-a5ba-e293de5cf533"}
2024-12-11 20:54:51,41,200,0.009201,{"job_id":"79be9220-1c90-4993-9b92-1658771c707d"}
2024-12-11 20:54:51,48,200,0.009571,{"job_id":"f952d093-28e9-4c2d-9f5e-a06701eb9b9e"}
2024-12-11 20:54:51,47,200,0.009889,{"job_id":"896b315b-e743-478d-84b6-2b762fe0a9f2"}
2024-12-11 20:54:51,42,200,0.009821,{"job_id":"ea8ef6f6-c22b-4c77-a751-b66d52cd7cd5"}
2024-12-11 20:54:51,46,200,0.009385,{"job_id":"d8b62c12-9f77-46cb-b447-99e08094c950"}
2024-12-11 20:54:51,49,200,0.010646,{"job_id":"77b737f2-36c7-4432-8845-d37a16281e80"}
2024-12-11 20:54:51,44,200,0.010461,{"job_id":"7f3e98b1-441a-47ef-851c-2f4c277115dc"}
2024-12-11 20:54:51,55,200,0.000970,{"job_id":"5df00df6-5672-4575-ace9-658af681bf87"}
2024-12-11 20:54:51,52,200,0.014370,{"job_id":"aee4bcff-7339-4fbd-9104-a53801002769"}
2024-12-11 20:54:51,60,200,0.011423,{"job_id":"e9d709a6-fba9-4924-93bd-9d0fb6c711b9"}
2024-12-11 20:54:51,57,200,0.014228,{"job_id":"cc3219f8-92bc-4bea-ad4c-652674cf0d62"}
2024-12-11 20:54:51,51,200,0.013465,{"job_id":"07a732c0-ebc8-4f64-bc61-46091409afa4"}
2024-12-11 20:54:51,56,200,0.014764,{"job_id":"5a2a027e-cb5a-4a03-90c3-3ac464372f9c"}
2024-12-11 20:54:51,53,200,0.014633,{"job_id":"71721f7a-cffe-4e40-ba3c-65cf19738657"}
2024-12-11 20:54:51,58,200,0.013358,{"job_id":"177b5c31-4eab-4dde-9727-8b02cbfeda39"}
2024-12-11 20:54:51,59,200,0.013191,{"job_id":"b5cfe14b-9eb5-4816-a65c-e5dac1ac5b49"}
2024-12-11 20:54:51,54,200,0.013599,{"job_id":"dc3a7865-b073-42d8-851f-7e7c87ccbf5b"}
2024-12-11 20:54:51,65,200,0.014278,{"job_id":"81903782-501f-402f-b7f0-1a0116c12bde"}
2024-12-11 20:54:51,62,200,0.018389,{"job_id":"28ae6df3-c7df-4427-bd75-6c56b5207519"}
2024-12-11 20:54:51,66,200,0.017187,{"job_id":"b9f6daa5-a980-4460-8cd7-49780e475605"}
2024-12-11 20:54:51,63,200,0.018294,{"job_id":"cb86a1e3-b1ed-461b-8598-596865d80cc3"}
2024-12-11 20:54:51,69,200,0.017353,{"job_id":"066c1cc3-f327-44ef-a7ee-2d4a73b0edb9"}
2024-12-11 20:54:51,68,200,0.018167,{"job_id":"ecf18a07-e72a-4e21-8405-9995b39822f9"}
2024-12-11 20:54:51,64,200,0.018721,{"job_id":"ecae928b-5cb8-4932-90ca-698c72968b80"}
2024-12-11 20:54:51,70,200,0.016185,{"job_id":"edb67e99-bd9d-4379-850c-7c7dad6e56db"}
2024-12-11 20:54:51,61,200,0.016693,{"job_id":"5095f6d9-cf5b-46df-aaca-f3120a91f9ae"}
2024-12-11 20:54:51,67,200,0.015203,{"job_id":"74bc8cf4-f2b6-47bc-992e-d936bff23827"}
2024-12-11 20:54:52,71,200,0.009027,{"job_id":"4fe732bb-42eb-4332-83be-5e4f7740ad63"}
2024-12-11 20:54:52,78,200,0.007534,{"job_id":"6f4d3331-f42d-40dd-b0a7-5defe92b1b83"}
2024-12-11 20:54:52,76,200,0.007213,{"job_id":"d5533de3-38ab-40a7-9496-153f52cca647"}
2024-12-11 20:54:52,75,200,0.007439,{"job_id":"c0dab0bf-8285-4e63-a42f-7267d62ef8ec"}
2024-12-11 20:54:52,77,200,0.007461,{"job_id":"48869fd2-eca8-4358-ba3c-9468d07db048"}
2024-12-11 20:54:52,80,200,0.004780,{"job_id":"2b77ae28-ccf2-494c-a64e-ffe109abcd95"}
2024-12-11 20:54:52,79,200,0.006332,{"job_id":"1eaa3427-7e35-409a-a54b-5234385ad1ee"}
2024-12-11 20:54:52,72,200,0.007562,{"job_id":"fe0fb369-bff8-4b80-a83c-e29edfb1ef4c"}
2024-12-11 20:54:52,74,200,0.028203,{"job_id":"c60ed7a6-631e-4a5d-86de-6501ccdd84cb"}
2024-12-11 20:54:52,73,200,0.028239,{"job_id":"c2c94426-6c90-4dfb-879b-a88e0135f7c4"}
2024-12-11 20:54:52,88,200,0.001024,{"job_id":"2487341e-5e7b-4c94-9c9c-38e51b929716"}
2024-12-11 20:54:52,84,200,0.000968,{"job_id":"da35b430-53fc-4ef7-91b6-3576799ee13c"}
2024-12-11 20:54:52,85,200,0.000717,{"job_id":"9b245686-b605-45b4-90c6-0a309d12ec13"}
2024-12-11 20:54:52,81,200,0.000794,{"job_id":"b0fa42bf-a0e6-453d-8f38-5e716f2a73a7"}
2024-12-11 20:54:52,83,200,0.001302,{"job_id":"e9d8e9b7-22b1-43fc-9aa0-e1e1daa20682"}
2024-12-11 20:54:52,82,200,0.000898,{"job_id":"bd5ec3c7-366c-4b0a-8508-0763027777a9"}
2024-12-11 20:54:52,87,200,0.011514,{"job_id":"f926bd87-05e5-49ba-86aa-af74f8e468cc"}
2024-12-11 20:54:52,89,200,0.011412,{"job_id":"f0c9e12d-b0cc-4ca8-b530-a8143ab35721"}
2024-12-11 20:54:52,86,200,0.011431,{"job_id":"8930d143-bb1a-4909-bfd9-6aa59443d22c"}
2024-12-11 20:54:52,90,200,0.012208,{"job_id":"e41a1858-71c0-4c9c-b127-97f5cb5cba71"}
2024-12-11 20:54:52,91,200,0.001256,{"job_id":"793305ab-ed92-48b7-ad53-f34f589b185b"}
2024-12-11 20:54:52,92,200,0.000874,{"job_id":"74fdbe53-2e25-4d03-86fd-604bcae97fb4"}
2024-12-11 20:54:52,95,200,0.001411,{"job_id":"27aa68ba-cb35-4988-b3ab-02e28ff7bc46"}
2024-12-11 20:54:52,93,200,0.000758,{"job_id":"63010ee7-05f1-465f-9200-9718a580da6e"}
2024-12-11 20:54:52,97,200,0.012056,{"job_id":"fa828780-8347-44ed-8da1-162be0ad6108"}
2024-12-11 20:54:52,98,200,0.011131,{"job_id":"f20be042-5f59-454e-9387-df81caf7f442"}
2024-12-11 20:54:52,94,200,0.012465,{"job_id":"3084866f-69b6-4b15-8560-8d82f46c9ec9"}
2024-12-11 20:54:52,99,200,0.010529,{"job_id":"9323efdf-0633-4289-971f-0b1837e8120b"}
2024-12-11 20:54:52,96,200,0.011268,{"job_id":"d3711a3e-6d2f-44e4-bb7c-e6fbad6bd5c2"}
2024-12-11 20:54:52,100,200,0.011551,{"job_id":"17393910-bb51-479d-954e-d13852157035"}
