Timestamp,Job ID,Status Code,Response Time (s),Response Body
2024-12-11 20:54:57,1b426c5e-51b4-4cf5-91ae-befe68f0d147,200,5.000732,{"job_id":"1b426c5e-51b4-4cf5-91ae-befe68f0d147","progress":100,"status":"completed"}
2024-12-11 20:54:57,cc5e875d-c1ee-43ac-aa20-1da273c99c02,200,5.001318,{"job_id":"cc5e875d-c1ee-43ac-aa20-1da273c99c02","progress":100,"status":"completed"}
2024-12-11 20:54:57,07e38f49-d55a-4c10-9fc4-bc900457ef96,200,5.000741,{"job_id":"07e38f49-d55a-4c10-9fc4-bc900457ef96","progress":100,"status":"completed"}
2024-12-11 20:54:57,8f9316d4-a0fe-4422-baa1-fc9f5d713b97,200,5.001056,{"job_id":"8f9316d4-a0fe-4422-baa1-fc9f5d713b97","progress":100,"status":"completed"}
2024-12-11 20:54:57,09ed341e-d3b4-4453-a29b-3dc3803a3f85,200,5.001862,{"job_id":"09ed341e-d3b4-4453-a29b-3dc3803a3f85","progress":100,"status":"completed"}
2024-12-11 20:54:57,b402a3ea-fab8-41b7-9c71-24e56e82a62f,200,5.001381,{"job_id":"b402a3ea-fab8-41b7-9c71-24e56e82a62f","progress":100,"status":"completed"}
2024-12-11 20:54:57,55ff87fe-ffba-44c0-b4d9-f4d57cddacdf,200,5.002008,{"job_id":"55ff87fe-ffba-44c0-b4d9-f4d57cddacdf","progress":100,"status":"completed"}
2024-12-11 20:54:57,dc08f56c-4c86-4fba-af50-dc9eeaa92755,200,5.002454,{"job_id":"dc08f56c-4c86-4fba-af50-dc9eeaa92755","progress":100,"status":"completed"}
2024-12-11 20:54:57,62d78be2-c5bb-49d7-a067-c47c0202ba49,200,5.001551,{"job_id":"62d78be2-c5bb-49d7-a067-c47c0202ba49","progress":100,"status":"completed"}
2024-12-11 20:54:57,d7f2690a-e688-4640-a50a-b9c6bb5733d3,200,5.007198,{"job_id":"d7f2690a-e688-4640-a50a-b9c6bb5733d3","progress":100,"status":"completed"}
2024-12-11 20:54:59,96579a4b-a09d-4a1e-b2e2-0c1b048c26ff,200,5.001880,{"job_id":"96579a4b-a09d-4a1e-b2e2-0c1b048c26ff","progress":100,"status":"completed"}
2024-12-11 20:54:59,16811df6-9c55-49be-ad5a-0315220b441a,200,5.000780,{"job_id":"16811df6-9c55-49be-ad5a-0315220b441a","progress":100,"status":"completed"}
2024-12-11 20:54:59,b3143729-00c0-47ee-80c1-10d80891f757,200,5.000382,{"job_id":"b3143729-00c0-47ee-80c1-10d80891f757","progress":100,"status":"completed"}
2024-12-11 20:54:59,fd344b16-04ce-4583-9be1-44fd542837d7,200,5.001809,{"job_id":"fd344b16-04ce-4583-9be1-44fd542837d7","progress":100,"status":"completed"}
2024-12-11 20:54:59,62c5c54b-a031-4f0c-8fc1-827a4b29aa1d,200,5.001044,{"job_id":"62c5c54b-a031-4f0c-8fc1-827a4b29aa1d","progress":100,"status":"completed"}
2024-12-11 20:54:59,503f0e0e-3bd9-48b1-8864-e0abeac22dcd,200,5.001264,{"job_id":"503f0e0e-3bd9-48b1-8864-e0abeac22dcd","progress":100,"status":"completed"}
2024-12-11 20:54:59,49a036b1-537c-4090-ad52-c3b1d97b0ae2,200,5.001386,{"job_id":"49a036b1-537c-4090-ad52-c3b1d97b0ae2","progress":100,"status":"completed"}
2024-12-11 20:54:59,7e0ed351-89e4-4a31-aaa1-142c565b79ea,200,5.002802,{"job_id":"7e0ed351-89e4-4a31-aaa1-142c565b79ea","progress":100,"status":"completed"}
2024-12-11 20:54:59,6fc1536d-8eea-4d73-a4fa-fcc95e4ac579,200,5.001580,{"job_id":"6fc1536d-8eea-4d73-a4fa-fcc95e4ac579","progress":100,"status":"completed"}
2024-12-11 20:54:59,b79a63e0-0cf3-4a6a-8e81-a0c96cd05957,200,5.000938,{"job_id":"b79a63e0-0cf3-4a6a-8e81-a0c96cd05957","progress":100,"status":"completed"}
2024-12-11 20:55:04,ecd32bf7-8401-499b-93f9-82c5e82d3ef9,200,5.000781,{"job_id":"ecd32bf7-8401-499b-93f9-82c5e82d3ef9","progress":100,"status":"completed"}
2024-12-11 20:55:04,59b29a04-2ca5-442f-93e7-ce0afbd349d0,200,5.001091,{"job_id":"59b29a04-2ca5-442f-93e7-ce0afbd349d0","progress":100,"status":"completed"}
2024-12-11 20:55:04,6947fd42-a2e7-4483-b998-fbffcc9cdf97,200,5.001113,{"job_id":"6947fd42-a2e7-4483-b998-fbffcc9cdf97","progress":100,"status":"completed"}
2024-12-11 20:55:04,2b06a01b-00be-4315-ac51-409ce66d8996,200,5.000908,{"job_id":"2b06a01b-00be-4315-ac51-409ce66d8996","progress":100,"status":"completed"}
2024-12-11 20:55:04,8c496983-5f55-4358-b929-566d9a672c50,200,5.002366,{"job_id":"8c496983-5f55-4358-b929-566d9a672c50","progress":100,"status":"completed"}
2024-12-11 20:55:04,629a5c44-0b91-45a7-8943-eeccede72154,200,5.001244,{"job_id":"629a5c44-0b91-45a7-8943-eeccede72154","progress":100,"status":"completed"}
2024-12-11 20:55:04,e8ed28e6-fd4e-47a7-b821-ce36d99eb4c5,200,5.000940,{"job_id":"e8ed28e6-fd4e-47a7-b821-ce36d99eb4c5","progress":100,"status":"completed"}
2024-12-11 20:55:04,5c727ce3-f49e-48b7-a99c-b1402614654e,200,5.001331,{"job_id":"5c727ce3-f49e-48b7-a99c-b1402614654e","progress":100,"status":"completed"}
2024-12-11 20:55:04,622d5da9-75f0-427e-9344-960337bb5745,200,5.001773,{"job_id":"622d5da9-75f0-427e-9344-960337bb5745","progress":100,"status":"completed"}
2024-12-11 20:55:04,e33b6226-f680-49b7-bc16-4b16c9eef840,200,5.002123,{"job_id":"e33b6226-f680-49b7-bc16-4b16c9eef840","progress":100,"status":"completed"}
2024-12-11 20:55:09,c804da2f-8c17-4ce9-8d43-04b1ad62bbcb,200,5.001530,{"job_id":"c804da2f-8c17-4ce9-8d43-04b1ad62bbcb","progress":100,"status":"completed"}
2024-12-11 20:55:09,0d831767-12de-4578-8a1d-684c5f9be4f1,200,5.001632,{"job_id":"0d831767-12de-4578-8a1d-684c5f9be4f1","progress":100,"status":"completed"}
2024-12-11 20:55:09,13d26f49-33ad-4a46-b363-f328935925d7,200,5.001064,{"job_id":"13d26f49-33ad-4a46-b363-f328935925d7","progress":100,"status":"completed"}
2024-12-11 20:55:09,ab6b4f24-25b3-40a7-ac89-879401495b2e,200,5.000700,{"job_id":"ab6b4f24-25b3-40a7-ac89-879401495b2e","progress":100,"status":"completed"}
2024-12-11 20:55:09,7d7ec36e-da61-49f7-959f-b05080a54d37,200,5.001597,{"job_id":"7d7ec36e-da61-49f7-959f-b05080a54d37","progress":100,"status":"completed"}
2024-12-11 20:55:09,819d9a84-967a-405b-bbec-82304782820b,200,5.001046,{"job_id":"819d9a84-967a-405b-bbec-82304782820b","progress":100,"status":"completed"}
2024-12-11 20:55:09,f96cb199-315a-4e50-9c62-70ae4a47c3cf,200,5.000857,{"job_id":"f96cb199-315a-4e50-9c62-70ae4a47c3cf","progress":100,"status":"completed"}
2024-12-11 20:55:09,bf788f30-b303-45a0-8d1b-b1497ce84e23,200,5.000793,{"job_id":"bf788f30-b303-45a0-8d1b-b1497ce84e23","progress":100,"status":"completed"}
2024-12-11 20:55:09,239dca7b-aaca-48ba-9571-2f9fbd5968cd,200,5.000590,{"job_id":"239dca7b-aaca-48ba-9571-2f9fbd5968cd","progress":100,"status":"completed"}
2024-12-11 20:55:09,ba60c747-ecf2-4db1-935e-694425605362,200,5.000717,{"job_id":"ba60c747-ecf2-4db1-935e-694425605362","progress":100,"status":"completed"}
2024-12-11 20:55:14,bccb32df-ab16-47f3-b688-c39d1936cdc0,200,5.001195,{"job_id":"bccb32df-ab16-47f3-b688-c39d1936cdc0","progress":100,"status":"completed"}
2024-12-11 20:55:14,629c16ad-ff2f-4350-a99a-248fcf73963c,200,5.001820,{"job_id":"629c16ad-ff2f-4350-a99a-248fcf73963c","progress":100,"status":"completed"}
2024-12-11 20:55:14,f7493e90-b80e-4c40-b36f-2ca3434d1967,200,5.001437,{"job_id":"f7493e90-b80e-4c40-b36f-2ca3434d1967","progress":100,"status":"completed"}
2024-12-11 20:55:14,f7e92475-1b76-4980-919b-5176927d6cd3,200,5.001918,{"job_id":"f7e92475-1b76-4980-919b-5176927d6cd3","progress":100,"status":"completed"}
2024-12-11 20:55:14,6cb4757b-3fa9-4e84-a54d-d4c11d05c6e9,200,5.001766,{"job_id":"6cb4757b-3fa9-4e84-a54d-d4c11d05c6e9","progress":100,"status":"completed"}
2024-12-11 20:55:14,3418778e-24fa-4575-8d77-f93d493b6a0e,200,5.003797,{"job_id":"3418778e-24fa-4575-8d77-f93d493b6a0e","progress":100,"status":"completed"}
2024-12-11 20:55:14,e881f4b1-053a-470e-9ca1-dbe55069839c,200,5.002167,{"job_id":"e881f4b1-053a-470e-9ca1-dbe55069839c","progress":100,"status":"completed"}
2024-12-11 20:55:14,57433b6c-dc47-4d98-b627-0589c2531e2a,200,5.002342,{"job_id":"57433b6c-dc47-4d98-b627-0589c2531e2a","progress":100,"status":"completed"}
2024-12-11 20:55:14,9b4003c9-62ad-417c-8c3b-3cf0e085d0fe,200,5.002806,{"job_id":"9b4003c9-62ad-417c-8c3b-3cf0e085d0fe","progress":100,"status":"completed"}
2024-12-11 20:55:14,b4a7ab6f-44ae-44fa-a1bb-e770ba4000b3,200,5.003025,{"job_id":"b4a7ab6f-44ae-44fa-a1bb-e770ba4000b3","progress":100,"status":"completed"}
2024-12-11 20:55:19,79be9220-1c90-4993-9b92-1658771c707d,200,5.002399,{"job_id":"79be9220-1c90-4993-9b92-1658771c707d","progress":100,"status":"completed"}
2024-12-11 20:55:19,d8b62c12-9f77-46cb-b447-99e08094c950,200,5.002413,{"job_id":"d8b62c12-9f77-46cb-b447-99e08094c950","progress":100,"status":"completed"}
2024-12-11 20:55:19,896b315b-e743-478d-84b6-2b762fe0a9f2,200,5.003031,{"job_id":"896b315b-e743-478d-84b6-2b762fe0a9f2","progress":100,"status":"completed"}
2024-12-11 20:55:19,7f3e98b1-441a-47ef-851c-2f4c277115dc,200,5.002273,{"job_id":"7f3e98b1-441a-47ef-851c-2f4c277115dc","progress":100,"status":"completed"}
2024-12-11 20:55:19,f952d093-28e9-4c2d-9f5e-a06701eb9b9e,200,5.001116,{"job_id":"f952d093-28e9-4c2d-9f5e-a06701eb9b9e","progress":100,"status":"completed"}
2024-12-11 20:55:19,43216368-6107-4f27-a5ba-e293de5cf533,200,5.003579,{"job_id":"43216368-6107-4f27-a5ba-e293de5cf533","progress":100,"status":"completed"}
2024-12-11 20:55:19,d3864214-9222-4055-b62c-d8a9b08f65e0,200,5.004057,{"job_id":"d3864214-9222-4055-b62c-d8a9b08f65e0","progress":100,"status":"completed"}
2024-12-11 20:55:19,77b737f2-36c7-4432-8845-d37a16281e80,200,5.000904,{"job_id":"77b737f2-36c7-4432-8845-d37a16281e80","progress":100,"status":"completed"}
2024-12-11 20:55:19,ea8ef6f6-c22b-4c77-a751-b66d52cd7cd5,200,5.006036,{"job_id":"ea8ef6f6-c22b-4c77-a751-b66d52cd7cd5","progress":100,"status":"completed"}
2024-12-11 20:55:19,c1f2f1a1-364c-41bf-8d23-3e0e8cdbe6b7,200,5.000904,{"job_id":"c1f2f1a1-364c-41bf-8d23-3e0e8cdbe6b7","progress":100,"status":"completed"}
2024-12-11 20:55:24,177b5c31-4eab-4dde-9727-8b02cbfeda39,200,5.001927,{"job_id":"177b5c31-4eab-4dde-9727-8b02cbfeda39","progress":100,"status":"completed"}
2024-12-11 20:55:24,dc3a7865-b073-42d8-851f-7e7c87ccbf5b,200,5.001212,{"job_id":"dc3a7865-b073-42d8-851f-7e7c87ccbf5b","progress":100,"status":"completed"}
2024-12-11 20:55:24,cc3219f8-92bc-4bea-ad4c-652674cf0d62,200,5.000863,{"job_id":"cc3219f8-92bc-4bea-ad4c-652674cf0d62","progress":100,"status":"completed"}
2024-12-11 20:55:24,5df00df6-5672-4575-ace9-658af681bf87,200,5.003985,{"job_id":"5df00df6-5672-4575-ace9-658af681bf87","progress":100,"status":"completed"}
2024-12-11 20:55:24,aee4bcff-7339-4fbd-9104-a53801002769,200,5.004105,{"job_id":"aee4bcff-7339-4fbd-9104-a53801002769","progress":100,"status":"completed"}
2024-12-11 20:55:24,71721f7a-cffe-4e40-ba3c-65cf19738657,200,5.004846,{"job_id":"71721f7a-cffe-4e40-ba3c-65cf19738657","progress":100,"status":"completed"}
2024-12-11 20:55:24,5a2a027e-cb5a-4a03-90c3-3ac464372f9c,200,5.003706,{"job_id":"5a2a027e-cb5a-4a03-90c3-3ac464372f9c","progress":100,"status":"completed"}
2024-12-11 20:55:24,07a732c0-ebc8-4f64-bc61-46091409afa4,200,5.000804,{"job_id":"07a732c0-ebc8-4f64-bc61-46091409afa4","progress":100,"status":"completed"}
2024-12-11 20:55:24,e9d709a6-fba9-4924-93bd-9d0fb6c711b9,200,5.003315,{"job_id":"e9d709a6-fba9-4924-93bd-9d0fb6c711b9","progress":100,"status":"completed"}
2024-12-11 20:55:24,b5cfe14b-9eb5-4816-a65c-e5dac1ac5b49,200,5.006944,{"job_id":"b5cfe14b-9eb5-4816-a65c-e5dac1ac5b49","progress":100,"status":"completed"}
2024-12-11 20:55:29,cb86a1e3-b1ed-461b-8598-596865d80cc3,200,5.001119,{"job_id":"cb86a1e3-b1ed-461b-8598-596865d80cc3","progress":100,"status":"completed"}
2024-12-11 20:55:29,5095f6d9-cf5b-46df-aaca-f3120a91f9ae,200,5.001261,{"job_id":"5095f6d9-cf5b-46df-aaca-f3120a91f9ae","progress":100,"status":"completed"}
2024-12-11 20:55:29,edb67e99-bd9d-4379-850c-7c7dad6e56db,200,5.000707,{"job_id":"edb67e99-bd9d-4379-850c-7c7dad6e56db","progress":100,"status":"completed"}
2024-12-11 20:55:29,066c1cc3-f327-44ef-a7ee-2d4a73b0edb9,200,5.000613,{"job_id":"066c1cc3-f327-44ef-a7ee-2d4a73b0edb9","progress":100,"status":"completed"}
2024-12-11 20:55:29,b9f6daa5-a980-4460-8cd7-49780e475605,200,5.000722,{"job_id":"b9f6daa5-a980-4460-8cd7-49780e475605","progress":100,"status":"completed"}
2024-12-11 20:55:29,ecae928b-5cb8-4932-90ca-698c72968b80,200,5.000511,{"job_id":"ecae928b-5cb8-4932-90ca-698c72968b80","progress":100,"status":"completed"}
2024-12-11 20:55:29,74bc8cf4-f2b6-47bc-992e-d936bff23827,200,5.001252,{"job_id":"74bc8cf4-f2b6-47bc-992e-d936bff23827","progress":100,"status":"completed"}
2024-12-11 20:55:29,28ae6df3-c7df-4427-bd75-6c56b5207519,200,5.000687,{"job_id":"28ae6df3-c7df-4427-bd75-6c56b5207519","progress":100,"status":"completed"}
2024-12-11 20:55:29,ecf18a07-e72a-4e21-8405-9995b39822f9,200,5.001069,{"job_id":"ecf18a07-e72a-4e21-8405-9995b39822f9","progress":100,"status":"completed"}
2024-12-11 20:55:29,81903782-501f-402f-b7f0-1a0116c12bde,200,5.001126,{"job_id":"81903782-501f-402f-b7f0-1a0116c12bde","progress":100,"status":"completed"}
2024-12-11 20:55:34,1eaa3427-7e35-409a-a54b-5234385ad1ee,200,5.000392,{"job_id":"1eaa3427-7e35-409a-a54b-5234385ad1ee","progress":100,"status":"completed"}
2024-12-11 20:55:34,fe0fb369-bff8-4b80-a83c-e29edfb1ef4c,200,5.001025,{"job_id":"fe0fb369-bff8-4b80-a83c-e29edfb1ef4c","progress":100,"status":"completed"}
2024-12-11 20:55:34,48869fd2-eca8-4358-ba3c-9468d07db048,200,5.001006,{"job_id":"48869fd2-eca8-4358-ba3c-9468d07db048","progress":100,"status":"completed"}
2024-12-11 20:55:34,2b77ae28-ccf2-494c-a64e-ffe109abcd95,200,5.000572,{"job_id":"2b77ae28-ccf2-494c-a64e-ffe109abcd95","progress":100,"status":"completed"}
2024-12-11 20:55:34,c60ed7a6-631e-4a5d-86de-6501ccdd84cb,200,5.001212,{"job_id":"c60ed7a6-631e-4a5d-86de-6501ccdd84cb","progress":100,"status":"completed"}
2024-12-11 20:55:34,6f4d3331-f42d-40dd-b0a7-5defe92b1b83,200,5.002234,{"job_id":"6f4d3331-f42d-40dd-b0a7-5defe92b1b83","progress":100,"status":"completed"}
2024-12-11 20:55:34,c0dab0bf-8285-4e63-a42f-7267d62ef8ec,200,5.003352,{"job_id":"c0dab0bf-8285-4e63-a42f-7267d62ef8ec","progress":100,"status":"completed"}
2024-12-11 20:55:34,c2c94426-6c90-4dfb-879b-a88e0135f7c4,200,5.002620,{"job_id":"c2c94426-6c90-4dfb-879b-a88e0135f7c4","progress":100,"status":"completed"}
2024-12-11 20:55:34,4fe732bb-42eb-4332-83be-5e4f7740ad63,200,5.002121,{"job_id":"4fe732bb-42eb-4332-83be-5e4f7740ad63","progress":100,"status":"completed"}
2024-12-11 20:55:34,d5533de3-38ab-40a7-9496-153f52cca647,200,5.000365,{"job_id":"d5533de3-38ab-40a7-9496-153f52cca647","progress":100,"status":"completed"}
2024-12-11 20:55:39,da35b430-53fc-4ef7-91b6-3576799ee13c,200,5.002490,{"job_id":"da35b430-53fc-4ef7-91b6-3576799ee13c","progress":100,"status":"completed"}
2024-12-11 20:55:39,e9d8e9b7-22b1-43fc-9aa0-e1e1daa20682,200,5.001573,{"job_id":"e9d8e9b7-22b1-43fc-9aa0-e1e1daa20682","progress":100,"status":"completed"}
2024-12-11 20:55:39,e41a1858-71c0-4c9c-b127-97f5cb5cba71,200,5.000822,{"job_id":"e41a1858-71c0-4c9c-b127-97f5cb5cba71","progress":100,"status":"completed"}
2024-12-11 20:55:39,2487341e-5e7b-4c94-9c9c-38e51b929716,200,5.001868,{"job_id":"2487341e-5e7b-4c94-9c9c-38e51b929716","progress":100,"status":"completed"}
2024-12-11 20:55:39,f0c9e12d-b0cc-4ca8-b530-a8143ab35721,200,5.002770,{"job_id":"f0c9e12d-b0cc-4ca8-b530-a8143ab35721","progress":100,"status":"completed"}
2024-12-11 20:55:39,b0fa42bf-a0e6-453d-8f38-5e716f2a73a7,200,5.001620,{"job_id":"b0fa42bf-a0e6-453d-8f38-5e716f2a73a7","progress":100,"status":"completed"}
2024-12-11 20:55:39,f926bd87-05e5-49ba-86aa-af74f8e468cc,200,5.002610,{"job_id":"f926bd87-05e5-49ba-86aa-af74f8e468cc","progress":100,"status":"completed"}
2024-12-11 20:55:39,bd5ec3c7-366c-4b0a-8508-0763027777a9,200,5.003539,{"job_id":"bd5ec3c7-366c-4b0a-8508-0763027777a9","progress":100,"status":"completed"}
2024-12-11 20:55:39,9b245686-b605-45b4-90c6-0a309d12ec13,200,5.002694,{"job_id":"9b245686-b605-45b4-90c6-0a309d12ec13","progress":100,"status":"completed"}
2024-12-11 20:55:39,8930d143-bb1a-4909-bfd9-6aa59443d22c,200,5.002626,{"job_id":"8930d143-bb1a-4909-bfd9-6aa59443d22c","progress":100,"status":"completed"}
2024-12-11 20:55:44,17393910-bb51-479d-954e-d13852157035,200,5.001934,{"job_id":"17393910-bb51-479d-954e-d13852157035","progress":100,"status":"completed"}
2024-12-11 20:55:44,f20be042-5f59-454e-9387-df81caf7f442,200,5.001999,{"job_id":"f20be042-5f59-454e-9387-df81caf7f442","progress":100,"status":"completed"}
2024-12-11 20:55:44,fa828780-8347-44ed-8da1-162be0ad6108,200,5.000471,{"job_id":"fa828780-8347-44ed-8da1-162be0ad6108","progress":100,"status":"completed"}
2024-12-11 20:55:44,793305ab-ed92-48b7-ad53-f34f589b185b,200,5.002944,{"job_id":"793305ab-ed92-48b7-ad53-f34f589b185b","progress":100,"status":"completed"}
2024-12-11 20:55:44,27aa68ba-cb35-4988-b3ab-02e28ff7bc46,200,5.000892,{"job_id":"27aa68ba-cb35-4988-b3ab-02e28ff7bc46","progress":100,"status":"completed"}
2024-12-11 20:55:44,3084866f-69b6-4b15-8560-8d82f46c9ec9,200,5.001943,{"job_id":"3084866f-69b6-4b15-8560-8d82f46c9ec9","progress":100,"status":"completed"}
2024-12-11 20:55:44,74fdbe53-2e25-4d03-86fd-604bcae97fb4,200,5.003109,{"job_id":"74fdbe53-2e25-4d03-86fd-604bcae97fb4","progress":100,"status":"completed"}
2024-12-11 20:55:44,63010ee7-05f1-465f-9200-9718a580da6e,200,5.001876,{"job_id":"63010ee7-05f1-465f-9200-9718a580da6e","progress":100,"status":"completed"}
2024-12-11 20:55:44,d3711a3e-6d2f-44e4-bb7c-e6fbad6bd5c2,200,5.003509,{"job_id":"d3711a3e-6d2f-44e4-bb7c-e6fbad6bd5c2","progress":100,"status":"completed"}
2024-12-11 20:55:44,9323efdf-0633-4289-971f-0b1837e8120b,200,5.002432,{"job_id":"9323efdf-0633-4289-971f-0b1837e8120b","progress":100,"status":"completed"}
